<?xml version="1.0" encoding="utf-8"?><testsuites name="pytest tests"><testsuite name="pytest" errors="0" failures="0" skipped="0" tests="28" time="6.016" timestamp="2026-06-20T04:28:42.315382+00:00" hostname="agent-env-b5448aa8-dda3-4974-baa3-334464ea6686"><testcase classname="tests.test_events_api.TestEventsCreate" name="test_create_with_events" time="0.754" /><testcase classname="tests.test_events_api.TestEventsCreate" name="test_create_default_events_is_empty_list" time="0.128" /><testcase classname="tests.test_events_api.TestEventsCreate" name="test_create_rejects_invalid_event_type" time="0.041" /><testcase classname="tests.test_events_api.TestEventsPatch" name="test_patch_replaces_events_array" time="0.199" /><testcase classname="tests.test_events_api.TestEventsPatch" name="test_patch_clears_events_with_empty_list" time="0.201" /><testcase classname="tests.test_events_api.TestEventsPatch" name="test_patch_preserves_other_fields" time="0.122" /><testcase classname="tests.test_events_api.TestEventsPatch" name="test_patch_delete_single_event_by_filtering" time="0.205" /><testcase classname="tests.test_members_api.TestRoot" name="test_root" time="0.127" /><testcase classname="tests.test_members_api.TestListMembers" name="test_list_returns_array" time="0.042" /><testcase classname="tests.test_members_api.TestCreateMember" name="test_create_minimal" time="0.128" /><testcase classname="tests.test_members_api.TestCreateMember" name="test_create_with_parent" time="0.198" /><testcase classname="tests.test_members_api.TestCreateMember" name="test_create_with_partner_mirrors" time="0.216" /><testcase classname="tests.test_members_api.TestCreateMember" name="test_create_rejects_three_parents" time="0.305" /><testcase classname="tests.test_members_api.TestCreateMember" name="test_create_rejects_missing_parent" time="0.043" /><testcase classname="tests.test_members_api.TestCreateMember" name="test_create_rejects_missing_partner" time="0.041" /><testcase classname="tests.test_members_api.TestUpdateMember" name="test_patch_name_and_bio" time="0.177" /><testcase classname="tests.test_members_api.TestUpdateMember" name="test_patch_relationships" time="0.214" /><testcase classname="tests.test_members_api.TestUpdateMember" name="test_patch_missing_member_404" time="0.043" /><testcase classname="tests.test_members_api.TestDeleteMember" name="test_delete_cleans_references" time="0.212" /><testcase classname="tests.test_members_api.TestDeleteMember" name="test_delete_cleans_partner_references" time="0.217" /><testcase classname="tests.test_members_api.TestDeleteMember" name="test_delete_missing_404" time="0.041" /><testcase classname="tests.test_members_api.TestPhoto" name="test_upload_and_serve" time="0.618" /><testcase classname="tests.test_members_api.TestPhoto" name="test_upload_missing_member_404" time="0.384" /><testcase classname="tests.test_new_features.TestDeathDate" name="test_create_with_death_date" time="0.189" /><testcase classname="tests.test_new_features.TestDeathDate" name="test_patch_death_date" time="0.192" /><testcase classname="tests.test_new_features.TestMarriages" name="test_create_partner_with_marriage_mirrors" time="0.281" /><testcase classname="tests.test_new_features.TestMarriages" name="test_patch_marriage_mirrors" time="0.284" /><testcase classname="tests.test_new_features.TestMarriages" name="test_delete_cleans_marriage_entries" time="0.339" /></testsuite></testsuites>