<?xml version="1.0" encoding="utf-8"?><testsuites name="pytest tests"><testsuite name="pytest" errors="0" failures="0" skipped="0" tests="16" time="3.377" timestamp="2026-06-20T02:42:10.688977+00:00" hostname="agent-env-b5448aa8-dda3-4974-baa3-334464ea6686"><testcase classname="backend.tests.test_members_api.TestRoot" name="test_root" time="0.289" /><testcase classname="backend.tests.test_members_api.TestListMembers" name="test_list_returns_array" time="0.050" /><testcase classname="backend.tests.test_members_api.TestCreateMember" name="test_create_minimal" time="0.140" /><testcase classname="backend.tests.test_members_api.TestCreateMember" name="test_create_with_parent" time="0.185" /><testcase classname="backend.tests.test_members_api.TestCreateMember" name="test_create_with_partner_mirrors" time="0.225" /><testcase classname="backend.tests.test_members_api.TestCreateMember" name="test_create_rejects_three_parents" time="0.321" /><testcase classname="backend.tests.test_members_api.TestCreateMember" name="test_create_rejects_missing_parent" time="0.047" /><testcase classname="backend.tests.test_members_api.TestCreateMember" name="test_create_rejects_missing_partner" time="0.044" /><testcase classname="backend.tests.test_members_api.TestUpdateMember" name="test_patch_name_and_bio" time="0.190" /><testcase classname="backend.tests.test_members_api.TestUpdateMember" name="test_patch_relationships" time="0.273" /><testcase classname="backend.tests.test_members_api.TestUpdateMember" name="test_patch_missing_member_404" time="0.053" /><testcase classname="backend.tests.test_members_api.TestDeleteMember" name="test_delete_cleans_references" time="0.240" /><testcase classname="backend.tests.test_members_api.TestDeleteMember" name="test_delete_cleans_partner_references" time="0.242" /><testcase classname="backend.tests.test_members_api.TestDeleteMember" name="test_delete_missing_404" time="0.049" /><testcase classname="backend.tests.test_members_api.TestPhoto" name="test_upload_and_serve" time="0.798" /><testcase classname="backend.tests.test_members_api.TestPhoto" name="test_upload_missing_member_404" time="0.153" /></testsuite></testsuites>